Using pre-set license
Built from '2022.3/staging' branch; Version is '2022.3.19f1 (244b723c30a6) revision 2378610'; Using compiler version '192829333'; Build Type 'Release'
OS: 'Windows 10  (10.0.19045) 64bit Core' Language: 'en' Physical Memory: 32686 MB
BatchMode: 1, IsHumanControllingUs: 0, StartBugReporterOnCrash: 0, Is64bit: 1, IsPro: 1

COMMAND LINE ARGUMENTS:
D:\Unity\Editor\Unity 2022.3.19f1\Editor\Unity.exe
-adb2
-batchMode
-noUpm
-name
AssetImportWorker2
-projectPath
D:/Unity/Projects/JameGamChristmas2024/JameGamChristmas2024
-logFile
Logs/AssetImportWorker2.log
-srvPort
54278
Successfully changed project path to: D:/Unity/Projects/JameGamChristmas2024/JameGamChristmas2024
D:/Unity/Projects/JameGamChristmas2024/JameGamChristmas2024
[UnityMemory] Configuration Parameters - Can be set up in boot.config
    "memorysetup-bucket-allocator-granularity=16"
    "memorysetup-bucket-allocator-bucket-count=8"
    "memorysetup-bucket-allocator-block-size=33554432"
    "memorysetup-bucket-allocator-block-count=8"
    "memorysetup-main-allocator-block-size=16777216"
    "memorysetup-thread-allocator-block-size=16777216"
    "memorysetup-gfx-main-allocator-block-size=16777216"
    "memorysetup-gfx-thread-allocator-block-size=16777216"
    "memorysetup-cache-allocator-block-size=4194304"
    "memorysetup-typetree-allocator-block-size=2097152"
    "memorysetup-profiler-bucket-allocator-granularity=16"
    "memorysetup-profiler-bucket-allocator-bucket-count=8"
    "memorysetup-profiler-bucket-allocator-block-size=33554432"
    "memorysetup-profiler-bucket-allocator-block-count=8"
    "memorysetup-profiler-allocator-block-size=16777216"
    "memorysetup-profiler-editor-allocator-block-size=1048576"
    "memorysetup-temp-allocator-size-main=16777216"
    "memorysetup-job-temp-allocator-block-size=2097152"
    "memorysetup-job-temp-allocator-block-size-background=1048576"
    "memorysetup-job-temp-allocator-reduction-small-platforms=262144"
    "memorysetup-allocator-temp-initial-block-size-main=262144"
    "memorysetup-allocator-temp-initial-block-size-worker=262144"
    "memorysetup-temp-allocator-size-background-worker=32768"
    "memorysetup-temp-allocator-size-job-worker=262144"
    "memorysetup-temp-allocator-size-preload-manager=33554432"
    "memorysetup-temp-allocator-size-nav-mesh-worker=65536"
    "memorysetup-temp-allocator-size-audio-worker=65536"
    "memorysetup-temp-allocator-size-cloud-worker=32768"
    "memorysetup-temp-allocator-size-gi-baking-worker=262144"
    "memorysetup-temp-allocator-size-gfx=262144"
Player connection [46600] Host "[IP] 192.168.1.126 [Port] 0 [Flags] 2 [Guid] 185262452 [EditorId] 185262452 [Version] 1048832 [Id] WindowsEditor(7,DESKTOP-CLOUI8C) [Debug] 1 [PackageName] WindowsEditor [ProjectName] Editor" joined multi-casting on [225.0.0.222:54997]...

Player connection [46600] Host "[IP] 192.168.1.126 [Port] 0 [Flags] 2 [Guid] 185262452 [EditorId] 185262452 [Version] 1048832 [Id] WindowsEditor(7,DESKTOP-CLOUI8C) [Debug] 1 [PackageName] WindowsEditor [ProjectName] Editor" joined alternative multi-casting on [225.0.0.222:34997]...

[Physics::Module] Initialized MultithreadedJobDispatcher with 15 workers.
Refreshing native plugins compatible for Editor in 10.55 ms, found 3 plugins.
Preloading 0 native plugins for Editor in 0.00 ms.
Initialize engine version: 2022.3.19f1 (244b723c30a6)
[Subsystems] Discovering subsystems at path D:/Unity/Editor/Unity 2022.3.19f1/Editor/Data/Resources/UnitySubsystems
[Subsystems] Discovering subsystems at path D:/Unity/Projects/JameGamChristmas2024/JameGamChristmas2024/Assets
GfxDevice: creating device client; threaded=0; jobified=0
Direct3D:
    Version:  Direct3D 11.0 [level 11.1]
    Renderer: NVIDIA GeForce RTX 2080 Ti (ID=0x1e04)
    Vendor:   NVIDIA
    VRAM:     11027 MB
    Driver:   32.0.15.6109
Initialize mono
Mono path[0] = 'D:/Unity/Editor/Unity 2022.3.19f1/Editor/Data/Managed'
Mono path[1] = 'D:/Unity/Editor/Unity 2022.3.19f1/Editor/Data/MonoBleedingEdge/lib/mono/unityjit-win32'
Mono config path = 'D:/Unity/Editor/Unity 2022.3.19f1/Editor/Data/MonoBleedingEdge/etc'
Using monoOptions --debugger-agent=transport=dt_socket,embedding=1,server=y,suspend=n,address=127.0.0.1:56748
Begin MonoManager ReloadAssembly
Registering precompiled unity dll's ...
Register platform support module: D:/Unity/Editor/Unity 2022.3.19f1/Editor/Data/PlaybackEngines/WindowsStandaloneSupport/UnityEditor.WindowsStandalone.Extensions.dll
Registered in 0.005079 seconds.
- Loaded All Assemblies, in  0.297 seconds
Native extension for WindowsStandalone target not found
Mono: successfully reloaded assembly
- Finished resetting the current domain, in  0.232 seconds
Domain Reload Profiling: 529ms
	BeginReloadAssembly (100ms)
		ExecutionOrderSort (0ms)
		DisableScriptedObjects (0ms)
		BackupInstance (0ms)
		ReleaseScriptingObjects (0ms)
		CreateAndSetChildDomain (1ms)
	RebuildCommonClasses (29ms)
	RebuildNativeTypeToScriptingClass (9ms)
	initialDomainReloadingComplete (43ms)
	LoadAllAssembliesAndSetupDomain (115ms)
		LoadAssemblies (99ms)
		RebuildTransferFunctionScriptingTraits (0ms)
		AnalyzeDomain (114ms)
			TypeCache.Refresh (113ms)
				TypeCache.ScanAssembly (101ms)
			ScanForSourceGeneratedMonoScriptInfo (0ms)
			ResolveRequiredComponents (0ms)
	FinalizeReload (233ms)
		ReleaseScriptCaches (0ms)
		RebuildScriptCaches (0ms)
		SetupLoadedEditorAssemblies (181ms)
			LogAssemblyErrors (0ms)
			InitializePlatformSupportModulesInManaged (7ms)
			SetLoadedEditorAssemblies (7ms)
			RefreshPlugins (0ms)
			BeforeProcessingInitializeOnLoad (2ms)
			ProcessInitializeOnLoadAttributes (125ms)
			ProcessInitializeOnLoadMethodAttributes (40ms)
			AfterProcessingInitializeOnLoad (0ms)
			EditorAssembliesLoaded (0ms)
		ExecutionOrderSort2 (0ms)
		AwakeInstancesAfterBackupRestoration (0ms)
========================================================================
Worker process is ready to serve import requests
Begin MonoManager ReloadAssembly
- Loaded All Assemblies, in  0.508 seconds
Refreshing native plugins compatible for Editor in 2.19 ms, found 3 plugins.
Native extension for WindowsStandalone target not found
Mono: successfully reloaded assembly
- Finished resetting the current domain, in  0.522 seconds
Domain Reload Profiling: 1029ms
	BeginReloadAssembly (130ms)
		ExecutionOrderSort (0ms)
		DisableScriptedObjects (5ms)
		BackupInstance (0ms)
		ReleaseScriptingObjects (0ms)
		CreateAndSetChildDomain (17ms)
	RebuildCommonClasses (28ms)
	RebuildNativeTypeToScriptingClass (9ms)
	initialDomainReloadingComplete (30ms)
	LoadAllAssembliesAndSetupDomain (311ms)
		LoadAssemblies (245ms)
		RebuildTransferFunctionScriptingTraits (0ms)
		AnalyzeDomain (147ms)
			TypeCache.Refresh (130ms)
				TypeCache.ScanAssembly (118ms)
			ScanForSourceGeneratedMonoScriptInfo (12ms)
			ResolveRequiredComponents (3ms)
	FinalizeReload (522ms)
		ReleaseScriptCaches (0ms)
		RebuildScriptCaches (0ms)
		SetupLoadedEditorAssemblies (390ms)
			LogAssemblyErrors (0ms)
			InitializePlatformSupportModulesInManaged (4ms)
			SetLoadedEditorAssemblies (4ms)
			RefreshPlugins (0ms)
			BeforeProcessingInitializeOnLoad (46ms)
			ProcessInitializeOnLoadAttributes (315ms)
			ProcessInitializeOnLoadMethodAttributes (18ms)
			AfterProcessingInitializeOnLoad (3ms)
			EditorAssembliesLoaded (0ms)
		ExecutionOrderSort2 (0ms)
		AwakeInstancesAfterBackupRestoration (6ms)
Launched and connected shader compiler UnityShaderCompiler.exe after 0.11 seconds
Refreshing native plugins compatible for Editor in 2.58 ms, found 3 plugins.
Preloading 0 native plugins for Editor in 0.00 ms.
Unloading 3120 Unused Serialized files (Serialized files now loaded: 0)
Unloading 33 unused Assets / (57.3 KB). Loaded Objects now: 3600.
Memory consumption went from 209.5 MB to 209.4 MB.
Total: 2.786600 ms (FindLiveObjects: 0.227700 ms CreateObjectMapping: 0.139800 ms MarkObjects: 2.333100 ms  DeleteObjects: 0.085100 ms)

AssetImportParameters requested are different than current active one (requested -> active):
  custom:container-demuxer-ogg: 62fdf1f143b41e24485cea50d1cbac27 -> 
  custom:video-decoder-ogg-theora: a1e56fd34408186e4bbccfd4996cb3dc -> 
  custom:framework-win-MediaFoundation: 216162199b28c13a410421893ffa2e32 -> 
  custom:CustomObjectIndexerAttribute: 6d391050e5a25f67b0a2c618074f2cd9 -> 
  custom:container-demuxer-webm: 4f35f7cbe854078d1ac9338744f61a02 -> 
  custom:container-muxer-webm: aa71ff27fc2769a1b78a27578f13a17b -> 
  custom:video-decoder-webm-vp8: 9c59270c3fd7afecdb556c50c9e8de78 -> 
  custom:SearchIndexIgnoredProperties: e643bd26f0fe6173181afceb89e7c659 -> 
  custom:AudioImporter_EditorPlatform: d09bf68614088b80899f8185d706f6e7 -> 
  custom:video-encoder-webm-vp8: eb34c28f22e8b96e1ab97ce403110664 -> 
  custom:audio-decoder-ogg-vorbis: bf7c407c2cedff20999df2af8eb42d56 -> 
  custom:audio-encoder-webm-vorbis: bf7c407c2cedff20999df2af8eb42d56 -> 
========================================================================
Received Import Request.
  Time since last request: 14144.204821 seconds.
  path: Assets/_Terrain_Assets/Terrain Paint Textures/TerrainAssets/BillboardTextures/GrassFrond01AlbedoAlpha.psd
  artifactKey: Guid(2c528fec5d95e4ac28cf46399b887662) Importer(815301076,1909f56bfc062723c751e8b465ee728b)
Start importing Assets/_Terrain_Assets/Terrain Paint Textures/TerrainAssets/BillboardTextures/GrassFrond01AlbedoAlpha.psd using Guid(2c528fec5d95e4ac28cf46399b887662) Importer(815301076,1909f56bfc062723c751e8b465ee728b)  -> (artifact id: 'e827381e043f0c13dc66d2ae95f6d68e') in 0.050037 seconds
Number of updated asset objects reloaded before import = 0
Number of asset objects unloaded after import = 2
========================================================================
Received Import Request.
  Time since last request: 239.396614 seconds.
  path: Assets/Materials/snow.mat
  artifactKey: Guid(498ce02351e7bed449c82aaee421f865) Importer(815301076,1909f56bfc062723c751e8b465ee728b)
Start importing Assets/Materials/snow.mat using Guid(498ce02351e7bed449c82aaee421f865) Importer(815301076,1909f56bfc062723c751e8b465ee728b)  -> (artifact id: '98b46dc092619cbd3eb8896154b4a40e') in 0.098809 seconds
Number of updated asset objects reloaded before import = 0
Number of asset objects unloaded after import = 1
========================================================================
Received Import Request.
  Time since last request: 7.644644 seconds.
  path: Assets/Materials/GB_snow.mat
  artifactKey: Guid(498ce02351e7bed449c82aaee421f865) Importer(815301076,1909f56bfc062723c751e8b465ee728b)
Start importing Assets/Materials/GB_snow.mat using Guid(498ce02351e7bed449c82aaee421f865) Importer(815301076,1909f56bfc062723c751e8b465ee728b)  -> (artifact id: '5d116730df6aaa624ae72fe10dc5d89f') in 0.007226 seconds
Number of updated asset objects reloaded before import = 0
Number of asset objects unloaded after import = 1
========================================================================
Received Import Request.
  Time since last request: 47.447894 seconds.
  path: Assets/_Terrain_Assets/Skyboxes/Textures/DawnDusk/DawnDusk_back.tif
  artifactKey: Guid(fe48ca40e9be666419e7d1a4bf3d808a) Importer(815301076,1909f56bfc062723c751e8b465ee728b)
Start importing Assets/_Terrain_Assets/Skyboxes/Textures/DawnDusk/DawnDusk_back.tif using Guid(fe48ca40e9be666419e7d1a4bf3d808a) Importer(815301076,1909f56bfc062723c751e8b465ee728b)  -> (artifact id: '724cdecf347a06b82209fc636ca6ab3d') in 0.011261 seconds
Number of updated asset objects reloaded before import = 0
Number of asset objects unloaded after import = 2
========================================================================
Received Import Request.
  Time since last request: 0.001167 seconds.
  path: Assets/_Terrain_Assets/Skyboxes/Textures/DawnDusk/DawnDusk_front.tif
  artifactKey: Guid(0568ecdd797316641b0203860b3929d9) Importer(815301076,1909f56bfc062723c751e8b465ee728b)
Start importing Assets/_Terrain_Assets/Skyboxes/Textures/DawnDusk/DawnDusk_front.tif using Guid(0568ecdd797316641b0203860b3929d9) Importer(815301076,1909f56bfc062723c751e8b465ee728b)  -> (artifact id: 'd1b6f63bdb4c5c4abfa6e0a86a844886') in 0.038709 seconds
Number of updated asset objects reloaded before import = 0
Number of asset objects unloaded after import = 2
========================================================================
Received Import Request.
  Time since last request: 0.000013 seconds.
  path: Assets/_Terrain_Assets/Skyboxes/Textures/DawnDusk/DawnDusk_right.tif
  artifactKey: Guid(6dda5f499bc82c442aab32e4a6bdbe40) Importer(815301076,1909f56bfc062723c751e8b465ee728b)
Start importing Assets/_Terrain_Assets/Skyboxes/Textures/DawnDusk/DawnDusk_right.tif using Guid(6dda5f499bc82c442aab32e4a6bdbe40) Importer(815301076,1909f56bfc062723c751e8b465ee728b)  -> (artifact id: '7ce72b70db542f0ee7054db8a1c80f7c') in 0.012062 seconds
Number of updated asset objects reloaded before import = 0
Number of asset objects unloaded after import = 2
========================================================================
Received Import Request.
  Time since last request: 1.997981 seconds.
  path: Assets/_Terrain_Assets/Skyboxes/Textures/Eerie/Eerie_down.tif
  artifactKey: Guid(8ca0735e520b5fc40a4e41b42fc288ea) Importer(815301076,1909f56bfc062723c751e8b465ee728b)
Start importing Assets/_Terrain_Assets/Skyboxes/Textures/Eerie/Eerie_down.tif using Guid(8ca0735e520b5fc40a4e41b42fc288ea) Importer(815301076,1909f56bfc062723c751e8b465ee728b)  -> (artifact id: '49f7e496b6946982e06edc393d8704c3') in 0.009725 seconds
Number of updated asset objects reloaded before import = 0
Number of asset objects unloaded after import = 2
========================================================================
Received Import Request.
  Time since last request: 0.028137 seconds.
  path: Assets/_Terrain_Assets/Skyboxes/Textures/Eerie/Eerie_left.tif
  artifactKey: Guid(956c1c0113bcd4c4388a3c239be09820) Importer(815301076,1909f56bfc062723c751e8b465ee728b)
Start importing Assets/_Terrain_Assets/Skyboxes/Textures/Eerie/Eerie_left.tif using Guid(956c1c0113bcd4c4388a3c239be09820) Importer(815301076,1909f56bfc062723c751e8b465ee728b)  -> (artifact id: '2757f0a991479065afa09d3063561c47') in 0.010317 seconds
Number of updated asset objects reloaded before import = 0
Number of asset objects unloaded after import = 2
========================================================================
Received Import Request.
  Time since last request: 0.075911 seconds.
  path: Assets/_Terrain_Assets/Skyboxes/Textures/Eerie/Eerie_up.tif
  artifactKey: Guid(2c93b54a9ce1c314b809b4c11cf9cdb6) Importer(815301076,1909f56bfc062723c751e8b465ee728b)
Start importing Assets/_Terrain_Assets/Skyboxes/Textures/Eerie/Eerie_up.tif using Guid(2c93b54a9ce1c314b809b4c11cf9cdb6) Importer(815301076,1909f56bfc062723c751e8b465ee728b)  -> (artifact id: 'faf1266868cbbdb4ac940d4ea4d2769e') in 0.008903 seconds
Number of updated asset objects reloaded before import = 0
Number of asset objects unloaded after import = 2
========================================================================
Received Import Request.
  Time since last request: 0.766440 seconds.
  path: Assets/TextMesh Pro/Resources/Fonts & Materials/LiberationSans SDF - Fallback.asset
  artifactKey: Guid(2e498d1c8094910479dc3e1b768306a4) Importer(815301076,1909f56bfc062723c751e8b465ee728b)
Start importing Assets/TextMesh Pro/Resources/Fonts & Materials/LiberationSans SDF - Fallback.asset using Guid(2e498d1c8094910479dc3e1b768306a4) Importer(815301076,1909f56bfc062723c751e8b465ee728b)  -> (artifact id: 'd05ade2927315e5161ec48264c8350ae') in 0.027077 seconds
Number of updated asset objects reloaded before import = 0
Number of asset objects unloaded after import = 6
========================================================================
Received Import Request.
  Time since last request: 0.000020 seconds.
  path: Assets/_Terrain_Assets/Skyboxes/Textures/MoonShine/MoonShine_down.tif
  artifactKey: Guid(1da31b5f0cf126543b66c7d9d24a574c) Importer(815301076,1909f56bfc062723c751e8b465ee728b)
Start importing Assets/_Terrain_Assets/Skyboxes/Textures/MoonShine/MoonShine_down.tif using Guid(1da31b5f0cf126543b66c7d9d24a574c) Importer(815301076,1909f56bfc062723c751e8b465ee728b)  -> (artifact id: '5ba15ade03481a03e3b44b6d3c53c609') in 0.014690 seconds
Number of updated asset objects reloaded before import = 0
Number of asset objects unloaded after import = 2
========================================================================
Received Import Request.
  Time since last request: 0.022827 seconds.
  path: Assets/_Terrain_Assets/Skyboxes/Textures/MoonShine/MoonShine_front.tif
  artifactKey: Guid(5dbdf7dfcf86afa418926ee28fab2b1d) Importer(815301076,1909f56bfc062723c751e8b465ee728b)
Start importing Assets/_Terrain_Assets/Skyboxes/Textures/MoonShine/MoonShine_front.tif using Guid(5dbdf7dfcf86afa418926ee28fab2b1d) Importer(815301076,1909f56bfc062723c751e8b465ee728b)  -> (artifact id: '31fed20f0b565b2f42c5d7f4960e9324') in 0.009742 seconds
Number of updated asset objects reloaded before import = 0
Number of asset objects unloaded after import = 2
========================================================================
Received Import Request.
  Time since last request: 0.001500 seconds.
  path: Assets/_Terrain_Assets/Skyboxes/Textures/MoonShine/MoonShine_right.tif
  artifactKey: Guid(dc97187fca1dcaf4e84e8b5f414a64ba) Importer(815301076,1909f56bfc062723c751e8b465ee728b)
Start importing Assets/_Terrain_Assets/Skyboxes/Textures/MoonShine/MoonShine_right.tif using Guid(dc97187fca1dcaf4e84e8b5f414a64ba) Importer(815301076,1909f56bfc062723c751e8b465ee728b)  -> (artifact id: '77e8e8ad0edf70ac8d1e38274b848715') in 0.016647 seconds
Number of updated asset objects reloaded before import = 0
Number of asset objects unloaded after import = 2
========================================================================
Received Import Request.
  Time since last request: 0.000014 seconds.
  path: Assets/_Terrain_Assets/Skyboxes/Textures/MoonShine/MoonShine_up.tif
  artifactKey: Guid(91c222ac5463b7243849bc078d53e72c) Importer(815301076,1909f56bfc062723c751e8b465ee728b)
Start importing Assets/_Terrain_Assets/Skyboxes/Textures/MoonShine/MoonShine_up.tif using Guid(91c222ac5463b7243849bc078d53e72c) Importer(815301076,1909f56bfc062723c751e8b465ee728b)  -> (artifact id: 'b3e750815e5148a2b446be697f240c36') in 0.016344 seconds
Number of updated asset objects reloaded before import = 0
Number of asset objects unloaded after import = 2
========================================================================
Received Import Request.
  Time since last request: 0.572983 seconds.
  path: Assets/_Terrain_Assets/Skyboxes/Textures/Overcast1/Overcast1_back.tif
  artifactKey: Guid(517a230447c0af548a7679cdf69c3e56) Importer(815301076,1909f56bfc062723c751e8b465ee728b)
Start importing Assets/_Terrain_Assets/Skyboxes/Textures/Overcast1/Overcast1_back.tif using Guid(517a230447c0af548a7679cdf69c3e56) Importer(815301076,1909f56bfc062723c751e8b465ee728b)  -> (artifact id: '44591052136dac9447188cc4dfccb417') in 0.015930 seconds
Number of updated asset objects reloaded before import = 0
Number of asset objects unloaded after import = 2
========================================================================
Received Import Request.
  Time since last request: 0.000717 seconds.
  path: Assets/_Terrain_Assets/Skyboxes/Textures/Overcast1/Overcast1_front.tif
  artifactKey: Guid(e340b02bd24d6b44cbaaecb9296ea7b5) Importer(815301076,1909f56bfc062723c751e8b465ee728b)
Start importing Assets/_Terrain_Assets/Skyboxes/Textures/Overcast1/Overcast1_front.tif using Guid(e340b02bd24d6b44cbaaecb9296ea7b5) Importer(815301076,1909f56bfc062723c751e8b465ee728b)  -> (artifact id: '853e9d8ef487d1a2d20ba3bb8494e1d4') in 0.014516 seconds
Number of updated asset objects reloaded before import = 0
Number of asset objects unloaded after import = 2
========================================================================
Received Import Request.
  Time since last request: 63.691863 seconds.
  path: Assets/_Terrain_Assets/Terrain Paint Textures/TerrainAssets/SurfaceTextures/snow_albedo.png
  artifactKey: Guid(456cea951e8dd374d95bf0239fc83cd7) Importer(815301076,1909f56bfc062723c751e8b465ee728b)
Start importing Assets/_Terrain_Assets/Terrain Paint Textures/TerrainAssets/SurfaceTextures/snow_albedo.png using Guid(456cea951e8dd374d95bf0239fc83cd7) Importer(815301076,1909f56bfc062723c751e8b465ee728b)  -> (artifact id: '2867e7ac05d77e4a60e4f29326f3bf63') in 0.020243 seconds
Number of updated asset objects reloaded before import = 0
Number of asset objects unloaded after import = 2
========================================================================
Received Prepare
Begin MonoManager ReloadAssembly
- Loaded All Assemblies, in  0.371 seconds
Refreshing native plugins compatible for Editor in 2.73 ms, found 3 plugins.
Native extension for WindowsStandalone target not found
Mono: successfully reloaded assembly
- Finished resetting the current domain, in  0.877 seconds
Domain Reload Profiling: 1249ms
	BeginReloadAssembly (142ms)
		ExecutionOrderSort (0ms)
		DisableScriptedObjects (4ms)
		BackupInstance (0ms)
		ReleaseScriptingObjects (0ms)
		CreateAndSetChildDomain (31ms)
	RebuildCommonClasses (30ms)
	RebuildNativeTypeToScriptingClass (10ms)
	initialDomainReloadingComplete (21ms)
	LoadAllAssembliesAndSetupDomain (167ms)
		LoadAssemblies (237ms)
		RebuildTransferFunctionScriptingTraits (0ms)
		AnalyzeDomain (12ms)
			TypeCache.Refresh (6ms)
				TypeCache.ScanAssembly (0ms)
			ScanForSourceGeneratedMonoScriptInfo (0ms)
			ResolveRequiredComponents (4ms)
	FinalizeReload (878ms)
		ReleaseScriptCaches (0ms)
		RebuildScriptCaches (0ms)
		SetupLoadedEditorAssemblies (425ms)
			LogAssemblyErrors (0ms)
			InitializePlatformSupportModulesInManaged (5ms)
			SetLoadedEditorAssemblies (5ms)
			RefreshPlugins (0ms)
			BeforeProcessingInitializeOnLoad (53ms)
			ProcessInitializeOnLoadAttributes (336ms)
			ProcessInitializeOnLoadMethodAttributes (23ms)
			AfterProcessingInitializeOnLoad (4ms)
			EditorAssembliesLoaded (0ms)
		ExecutionOrderSort2 (0ms)
		AwakeInstancesAfterBackupRestoration (7ms)
Refreshing native plugins compatible for Editor in 2.28 ms, found 3 plugins.
Preloading 0 native plugins for Editor in 0.00 ms.
Unloading 3099 Unused Serialized files (Serialized files now loaded: 0)
Unloading 24 unused Assets / (31.1 KB). Loaded Objects now: 3648.
Memory consumption went from 211.9 MB to 211.8 MB.
Total: 3.004600 ms (FindLiveObjects: 0.317700 ms CreateObjectMapping: 0.308500 ms MarkObjects: 2.320200 ms  DeleteObjects: 0.057400 ms)

Prepare: number of updated asset objects reloaded= 0
AssetImportParameters requested are different than current active one (requested -> active):
  custom:container-demuxer-ogg: 62fdf1f143b41e24485cea50d1cbac27 -> 
  custom:video-decoder-ogg-theora: a1e56fd34408186e4bbccfd4996cb3dc -> 
  custom:framework-win-MediaFoundation: 216162199b28c13a410421893ffa2e32 -> 
  custom:CustomObjectIndexerAttribute: 6d391050e5a25f67b0a2c618074f2cd9 -> 
  custom:container-demuxer-webm: 4f35f7cbe854078d1ac9338744f61a02 -> 
  custom:container-muxer-webm: aa71ff27fc2769a1b78a27578f13a17b -> 
  custom:video-decoder-webm-vp8: 9c59270c3fd7afecdb556c50c9e8de78 -> 
  custom:SearchIndexIgnoredProperties: e643bd26f0fe6173181afceb89e7c659 -> 
  custom:AudioImporter_EditorPlatform: d09bf68614088b80899f8185d706f6e7 -> 
  custom:video-encoder-webm-vp8: eb34c28f22e8b96e1ab97ce403110664 -> 
  custom:audio-decoder-ogg-vorbis: bf7c407c2cedff20999df2af8eb42d56 -> 
  custom:audio-encoder-webm-vorbis: bf7c407c2cedff20999df2af8eb42d56 -> 
========================================================================
Received Import Request.
  Time since last request: 129.795637 seconds.
  path: Assets/_Terrain_Assets/Terrain Paint Textures/TerrainAssets/SurfaceTextures/NewLayer.terrainlayer
  artifactKey: Guid(5074fab56b8f74845bc3983d954e6534) Importer(815301076,1909f56bfc062723c751e8b465ee728b)
Start importing Assets/_Terrain_Assets/Terrain Paint Textures/TerrainAssets/SurfaceTextures/NewLayer.terrainlayer using Guid(5074fab56b8f74845bc3983d954e6534) Importer(815301076,1909f56bfc062723c751e8b465ee728b)  -> (artifact id: '923b86ef9cb3ae6274cfaf674e4c1661') in 0.078544 seconds
Number of updated asset objects reloaded before import = 0
Number of asset objects unloaded after import = 4
========================================================================
Received Import Request.
  Time since last request: 42.251464 seconds.
  path: Assets/_Terrain_Assets/Skyboxes/Skybox_DawnDusk.mat
  artifactKey: Guid(9ba05f538ee36044da5cd2a4f14a8b18) Importer(815301076,1909f56bfc062723c751e8b465ee728b)
Start importing Assets/_Terrain_Assets/Skyboxes/Skybox_DawnDusk.mat using Guid(9ba05f538ee36044da5cd2a4f14a8b18) Importer(815301076,1909f56bfc062723c751e8b465ee728b)  -> (artifact id: '4fba9f742407a54d7ceb007ace8d842d') in 0.223271 seconds
Number of updated asset objects reloaded before import = 0
Number of asset objects unloaded after import = 7
========================================================================
Received Import Request.
  Time since last request: 0.000015 seconds.
  path: Assets/_Terrain_Assets/Skyboxes/Skybox_StarryNight Skybox.mat
  artifactKey: Guid(5aab239cac7fe8a4c931693a7535da5c) Importer(815301076,1909f56bfc062723c751e8b465ee728b)
Start importing Assets/_Terrain_Assets/Skyboxes/Skybox_StarryNight Skybox.mat using Guid(5aab239cac7fe8a4c931693a7535da5c) Importer(815301076,1909f56bfc062723c751e8b465ee728b)  -> (artifact id: '1d6bf8edd860ac0f82b1fe36fb5b649b') in 0.008609 seconds
Number of updated asset objects reloaded before import = 0
Number of asset objects unloaded after import = 7
========================================================================
Received Import Request.
  Time since last request: 0.000039 seconds.
  path: Assets/_Terrain_Assets/Skyboxes/Skybox_MoonShine Skybox.mat
  artifactKey: Guid(5ba172cd3918d7c44aa6d04446119a00) Importer(815301076,1909f56bfc062723c751e8b465ee728b)
Start importing Assets/_Terrain_Assets/Skyboxes/Skybox_MoonShine Skybox.mat using Guid(5ba172cd3918d7c44aa6d04446119a00) Importer(815301076,1909f56bfc062723c751e8b465ee728b)  -> (artifact id: '95ff66d6365e3f32f3630e2979ad50bf') in 0.009543 seconds
Number of updated asset objects reloaded before import = 0
Number of asset objects unloaded after import = 7
========================================================================
Received Import Request.
  Time since last request: 0.000016 seconds.
  path: Assets/_Terrain_Assets/Skyboxes/Skybox_Overcast2 Skybox.mat
  artifactKey: Guid(d4d16ca3d56fb7142a32d49bbd323836) Importer(815301076,1909f56bfc062723c751e8b465ee728b)
Start importing Assets/_Terrain_Assets/Skyboxes/Skybox_Overcast2 Skybox.mat using Guid(d4d16ca3d56fb7142a32d49bbd323836) Importer(815301076,1909f56bfc062723c751e8b465ee728b)  -> (artifact id: 'f1d4235a083dbd9ee68557179eb767d4') in 0.007598 seconds
Number of updated asset objects reloaded before import = 0
Number of asset objects unloaded after import = 7
========================================================================
Received Import Request.
  Time since last request: 0.000013 seconds.
  path: Assets/_Terrain_Assets/Skyboxes/Skybox_Sunny2 Skybox.mat
  artifactKey: Guid(da976b1a4f7ebb949b0f71341e4f1821) Importer(815301076,1909f56bfc062723c751e8b465ee728b)
Start importing Assets/_Terrain_Assets/Skyboxes/Skybox_Sunny2 Skybox.mat using Guid(da976b1a4f7ebb949b0f71341e4f1821) Importer(815301076,1909f56bfc062723c751e8b465ee728b)  -> (artifact id: 'aa896f0c81fee753fc55bfe557e041fa') in 0.009357 seconds
Number of updated asset objects reloaded before import = 0
Number of asset objects unloaded after import = 7
Editor requested this worker to shutdown with reason: Scaling down because of idle timeout
TcpMessagingSession - receive error: operation aborted. errorcode: 995, details: The I/O operation has been aborted because of either a thread exit or an application request.
AssetImportWorker is now disconnected from the server
Process exiting
Exiting without the bug reporter. Application will terminate with return code 0